<?xml version="1.0" encoding="UTF-8"?>
<!-- Generated by org.testng.reporters.JUnitReportReporter -->
<testsuite hostname="DESKTOP-TLG3RVF" failures="0" tests="1" name="com.qa.framework.testcases.LoginTest" time="12.321" errors="0" timestamp="2022-11-22T00:41:20 IST" skipped="0">
  <testcase classname="com.qa.framework.testcases.LoginTest" name="loginTest" time="12.321"/>
  <system-out/>
</testsuite> <!-- com.qa.framework.testcases.LoginTest -->
